# JRE version: Java(TM) SE Runtime Environment (8.0_221-b11) (build 1.8.0_221-b11)
# Java VM: Java HotSpot(TM) 64-Bit Server VM (25.221-b11 mixed mode windows-amd64 compressed oops)
Heap:
 PSYoungGen      total 76288K, used 60214K [0x000000076b400000, 0x0000000774900000, 0x00000007c0000000)
  eden space 65536K, 80% used [0x000000076b400000,0x000000076e79d9f8,0x000000076f400000)
  from space 10752K, 68% used [0x000000076fe80000,0x00000007705b0060,0x0000000770900000)
  to   space 10752K, 0% used [0x000000076f400000,0x000000076f400000,0x000000076fe80000)
 ParOldGen       total 175104K, used 24K [0x00000006c1c00000, 0x00000006cc700000, 0x000000076b400000)
  object space 175104K, 0% used [0x00000006c1c00000,0x00000006c1c06000,0x00000006cc700000)
 Metaspace       used 19226K, capacity 20336K, committed 20352K, reserved 1067008K
  class space    used 2461K, capacity 2686K, committed 2688K, reserved 1048576K
GC Heap History (4 events):
Event: 4.916 GC heap before
{Heap before GC invocations=1 (full 0):
 PSYoungGen      total 76288K, used 65536K [0x000000076b400000, 0x0000000770900000, 0x00000007c0000000)
  eden space 65536K, 100% used [0x000000076b400000,0x000000076f400000,0x000000076f400000)
  from space 10752K, 0% used [0x000000076fe80000,0x000000076fe80000,0x0000000770900000)
  to   space 10752K, 0% used [0x000000076f400000,0x000000076f400000,0x000000076fe80000)
 ParOldGen       total 175104K, used 0K [0x00000006c1c00000, 0x00000006cc700000, 0x000000076b400000)
  object space 175104K, 0% used [0x00000006c1c00000,0x00000006c1c00000,0x00000006cc700000)
 Metaspace       used 10855K, capacity 11410K, committed 11520K, reserved 1058816K
  class space    used 1299K, capacity 1431K, committed 1536K, reserved 1048576K
Event: 4.934 GC heap after
Heap after GC invocations=1 (full 0):
 PSYoungGen      total 76288K, used 6476K [0x000000076b400000, 0x0000000770900000, 0x00000007c0000000)
  eden space 65536K, 0% used [0x000000076b400000,0x000000076b400000,0x000000076f400000)
  from space 10752K, 60% used [0x000000076f400000,0x000000076fa53198,0x000000076fe80000)
  to   space 10752K, 0% used [0x000000076fe80000,0x000000076fe80000,0x0000000770900000)
 ParOldGen       total 175104K, used 16K [0x00000006c1c00000, 0x00000006cc700000, 0x000000076b400000)
  object space 175104K, 0% used [0x00000006c1c00000,0x00000006c1c04000,0x00000006cc700000)
 Metaspace       used 10855K, capacity 11410K, committed 11520K, reserved 1058816K
  class space    used 1299K, capacity 1431K, committed 1536K, reserved 1048576K
}
Event: 5.703 GC heap before
{Heap before GC invocations=2 (full 0):
 PSYoungGen      total 76288K, used 72012K [0x000000076b400000, 0x0000000770900000, 0x00000007c0000000)
  eden space 65536K, 100% used [0x000000076b400000,0x000000076f400000,0x000000076f400000)
  from space 10752K, 60% used [0x000000076f400000,0x000000076fa53198,0x000000076fe80000)
  to   space 10752K, 0% used [0x000000076fe80000,0x000000076fe80000,0x0000000770900000)
 ParOldGen       total 175104K, used 16K [0x00000006c1c00000, 0x00000006cc700000, 0x000000076b400000)
  object space 175104K, 0% used [0x00000006c1c00000,0x00000006c1c04000,0x00000006cc700000)
 Metaspace       used 15027K, capacity 15954K, committed 16256K, reserved 1062912K
  class space    used 1880K, capacity 2069K, committed 2176K, reserved 1048576K
Event: 5.727 GC heap after
Heap after GC invocations=2 (full 0):
 PSYoungGen      total 76288K, used 7360K [0x000000076b400000, 0x0000000774900000, 0x00000007c0000000)
  eden space 65536K, 0% used [0x000000076b400000,0x000000076b400000,0x000000076f400000)
  from space 10752K, 68% used [0x000000076fe80000,0x00000007705b0060,0x0000000770900000)
  to   space 10752K, 0% used [0x000000076f400000,0x000000076f400000,0x000000076fe80000)
 ParOldGen       total 175104K, used 24K [0x00000006c1c00000, 0x00000006cc700000, 0x000000076b400000)
  object space 175104K, 0% used [0x00000006c1c00000,0x00000006c1c06000,0x00000006cc700000)
 Metaspace       used 15027K, capacity 15954K, committed 16256K, reserved 1062912K
  class space    used 1880K, capacity 2069K, committed 2176K, reserved 1048576K
}

